[00:15:03] [Server thread/INFO]: [MMOCore] Autosaving player data, might take a while...
[00:45:03] [Server thread/INFO]: [MMOCore] Autosaving player data, might take a while...
[01:15:03] [Server thread/INFO]: [MMOCore] Autosaving player data, might take a while...
[01:45:03] [Server thread/INFO]: [MMOCore] Autosaving player data, might take a while...
[02:15:03] [Server thread/INFO]: [MMOCore] Autosaving player data, might take a while...
[02:45:03] [Server thread/INFO]: [MMOCore] Autosaving player data, might take a while...
[03:15:03] [Server thread/INFO]: [MMOCore] Autosaving player data, might take a while...
[03:45:03] [Server thread/INFO]: [MMOCore] Autosaving player data, might take a while...
[04:08:58] [User Authenticator #8/INFO]: UUID of player HDuc is bd3a5fca-83f2-38a9-b281-607c49a1e59b
[04:09:02] [Server thread/INFO]: HDuc joined the game
[04:09:02] [Server thread/INFO]: HDuc[/116.104.61.124:21439] logged in with entity id 1031 at ([world]-1591.5423438894227, 118.0, 917.4950100743932)
[04:09:10] [Server thread/INFO]: [DeadlyDisasters]: Level: 2 Horde is assembling, HDuc will be purged...
[04:09:10] [Server thread/INFO]: Tip: Try getting to high ground where most mobs cant reach. Beware of Tunnellers.. (world)
[04:09:11] [Server thread/INFO]: HDuc issued server command: /mm/spawn
[04:09:13] [Server thread/INFO]: HDuc issued server command: /gmc
[04:09:20] [Server thread/INFO]: HDuc issued server command: /spawn
[04:09:54] [Server thread/INFO]: HDuc issued server command: /gmsp
[04:10:16] [Server thread/INFO]: [Essentials] Created a User for Sentinel Ganyu (73aed76a-324d-225a-a401-5dfb5a33221d) for non Bukkit type: net.citizensnpcs.nms.v1_21_R1.entity.EntityHumanNPC$PlayerNPC
[04:10:56] [Server thread/INFO]: HDuc issued server command: /stop
[04:10:56] [Server thread/INFO]: [HDuc: Stopping the server]
[04:10:56] [Server thread/INFO]: Stopping server
[04:10:56] [Server thread/INFO]: [TorchLight] Disabling TorchLight v1.1.1
[04:10:56] [Server thread/INFO]: [TorchLight] Offhand Torch Light is being disabled, cleaning up light blocks...
[04:10:56] [Server thread/INFO]: [TorchLight] All light blocks have been cleaned up.
[04:10:56] [Server thread/INFO]: [EssentialsSpawn] Disabling EssentialsSpawn v2.21.0-dev+171-8313d52
[04:10:56] [Server thread/INFO]: [LevelledMobs] Disabling LevelledMobs v4.2.0.2 b98
[04:10:56] [Server thread/INFO]: [LevelledMobs] Unregistering commands
[04:10:56] [Server thread/INFO]: [LevelledMobs] Tasks: Shutting down other async tasks...
[04:10:56] [Craft Scheduler Thread - 16 - LevelledMobs/INFO]: [LevelledMobs] Nametag update queue Manager has exited
[04:10:56] [Craft Scheduler Thread - 4 - LevelledMobs/INFO]: [LevelledMobs] Mob processing queue Manager has exited
[04:10:56] [Server thread/INFO]: [LevelledMobs] Shut-down complete (took 2ms)
[04:10:56] [Server thread/INFO]: [ItemEdit] Disabling ItemEdit v3.6.3
[04:10:56] [Server thread/INFO]: [PlaceholderAPI] Unregistered placeholder expansion itemedit
[04:10:56] [Server thread/INFO]: [PlaceholderAPI] Reason: required plugin ItemEdit was disabled.
[04:10:56] [Server thread/INFO]: [DecentHolograms] Disabling DecentHolograms v2.8.14
[04:10:56] [Server thread/INFO]: [SmoothTimber] Disabling SmoothTimber v1.27.3
[04:10:56] [Server thread/INFO]: [Craftorithm] Disabling Craftorithm v1.10.17-20250121
[04:10:56] [Server thread/INFO]: [MultiWorld] Disabling MultiWorld v5.2.8
[04:10:56] [Server thread/INFO]: [MultiWorld] Disabled.
[04:10:56] [Server thread/INFO]: [HoloMobHealth] Disabling HoloMobHealth v2.3.12.1
[04:10:56] [Server thread/INFO]: [PlaceholderAPI] Unregistered placeholder expansion holomobhealth
[04:10:56] [Server thread/INFO]: [PlaceholderAPI] Reason: required plugin HoloMobHealth was disabled.
[04:10:56] [Server thread/INFO]: [HoloMobHealth] HoloMobHealth has been Disabled!
[04:10:56] [Server thread/INFO]: [ConsoleSpamFix] Disabling ConsoleSpamFix v1.10.0
[04:10:56] [Server thread/INFO]: [ConsoleSpamFix] Messages hidden since the server started: 10
[04:10:56] [Server thread/INFO]: [ConsoleSpamFix] ConsoleSpamFix is disabled!
[04:10:56] [Server thread/INFO]: [BloodNight] Disabling BloodNight v0.12.0
[04:10:56] [Server thread/INFO]: [BloodNight] Shutting down night manager.
[04:10:56] [Server thread/INFO]: [BloodNight] Resolving blood nights.
[04:10:56] [Server thread/INFO]: [BloodNight] Night manager shutdown successful.
[04:10:56] [Server thread/INFO]: [BloodNight] Hooks shutting down.
[04:10:56] [Server thread/INFO]: [BloodNight] Blood Night disabled!
[04:10:56] [Server thread/INFO]: [ChatInjector] Disabling ChatInjector v1.1
[04:10:56] [Server thread/INFO]: [DeadlyDisasters] Disabling DeadlyDisasters v12.1
[04:10:56] [Server thread/INFO]: [explock] Disabling explock v0.10
[04:10:56] [Server thread/INFO]: [explock] [explock] Goodbye!
[04:10:56] [Server thread/INFO]: [Sentinel] Disabling Sentinel v2.9.2-SNAPSHOT (build 527)
[04:10:56] [Server thread/INFO]: [Sentinel] Sentinel unloading...
[04:10:56] [Server thread/INFO]: [Sentinel] Sentinel unloaded!
[04:10:56] [Server thread/INFO]: [TAB] Disabling TAB v5.0.6
[04:10:56] [Server thread/INFO]: [TAB] Disabled in 3ms
[04:10:56] [Server thread/INFO]: [CommandToItem] Disabling CommandToItem v${version}
[04:10:56] [Server thread/INFO]: [TreeCuter] Disabling TreeCuter vv1.8.8
[04:10:56] [Server thread/INFO]: [SkinsRestorer] Disabling SkinsRestorer v15.5.3
[04:10:56] [Server thread/INFO]: [Essentials] Disabling Essentials v2.21.0-dev+171-8313d52
[04:10:56] [Server thread/INFO]: [Vault] [Economy] Essentials Economy unhooked.
[04:10:56] [Server thread/INFO]: [MMOItems] Disabling MMOItems v6.10
[04:10:56] [Server thread/INFO]: [MMOItems] Waiting for other threads, please wait...
[04:10:56] [Server thread/INFO]: [Shopkeepers] Disabling Shopkeepers v2.23.3
[04:10:56] [Server thread/INFO]: [RealisticSeasons] Disabling RealisticSeasons v11.6.7
[04:10:56] [Server thread/INFO]: [MMOCore] Disabling MMOCore v1.13.1-SNAPSHOT
[04:10:56] [Server thread/INFO]: [MMOCore] Waiting for other threads, please wait...
[04:10:56] [Server thread/INFO]: [Citizens] Disabling Citizens v2.0.35-SNAPSHOT (build 3545)
[04:10:56] [Server thread/INFO]: [MythicLib] Disabling MythicLib v1.7
[04:10:56] [Server thread/INFO]: [MythicMobs] Disabling MythicMobs v5.7.2-${CI_COMMIT_SHORT_SHA}
[04:10:56] [Server thread/INFO]: [MythicMobs] ------------------------------------------------------------
[04:10:56] [Server thread/INFO]: [MythicMobs] - 
[04:10:56] [Server thread/INFO]: [MythicMobs] - Unloading Mythic...
[04:10:56] [Server thread/INFO]: [MythicMobs] - 
[04:10:56] [Server thread/INFO]: [MythicMobs] ------------------------------------------------------------
[04:10:56] [Server thread/INFO]: [MythicMobs] - Spawners saved and unloaded...
[04:10:56] [Server thread/INFO]: [MythicMobs] - Mobs saved and unloaded...
[04:10:56] [Server thread/INFO]: [MythicMobs] Saving plugin data...
[04:10:56] [Server thread/INFO]: [MythicMobs] ✓Saving Finished
[04:10:56] [Server thread/INFO]: [MythicMobs] - Variables saved...
[04:10:56] [Server thread/INFO]: [MythicMobs] - All active settings have been saved!
[04:10:56] [Server thread/INFO]: [MythicMobs] - Mythic has been unloaded!
[04:10:56] [Server thread/INFO]: [MythicMobs] ------------------------------------------------------------
[04:10:56] [Server thread/INFO]: [MythicMobs] Saving plugin data...
[04:10:56] [Server thread/INFO]: [MythicMobs] ✓Saving Finished
[04:10:56] [Server thread/INFO]: [LibsDisguises] Disabling LibsDisguises v10.0.44-SNAPSHOT
[04:10:56] [Server thread/INFO]: [WorldGuard] Disabling WorldGuard v7.0.12+829a4a4
[04:10:56] [Server thread/INFO]: [WorldGuard] Shutting down executor and cancelling any pending tasks...
[04:10:56] [Server thread/INFO]: [PlaceholderAPI] Disabling PlaceholderAPI v2.11.6
[04:10:56] [Server thread/INFO]: [packetevents] Disabling packetevents v2.7.0
[04:10:56] [Server thread/INFO]: [WorldEdit] Disabling WorldEdit v7.3.10-beta-01+cb9fd58
[04:10:56] [Server thread/INFO]: Unregistering com.sk89q.worldedit.bukkit.BukkitServerInterface from WorldEdit
[04:10:56] [Server thread/INFO]: [ProtocolLib] Disabling ProtocolLib v5.4.0-SNAPSHOT-741
[04:10:56] [Server thread/INFO]: [Vault] Disabling Vault v1.7.3-b131
[04:10:56] [Server thread/INFO]: [LuckPerms] Disabling LuckPerms v5.4.154
[04:10:56] [Server thread/INFO]: [LuckPerms] Starting shutdown process...
[04:10:56] [Server thread/INFO]: [LuckPerms] Closing storage...
[04:10:56] [Server thread/INFO]: [LuckPerms] Goodbye!
[04:10:56] [Server thread/INFO]: Saving players
[04:10:56] [Server thread/INFO]: HDuc lost connection: Server closed
[04:10:56] [Server thread/INFO]: HDuc left the game
[04:10:56] [Server thread/INFO]: Saving worlds
[04:10:56] [Server thread/INFO]: Saving chunks for level 'ServerLevel[world]'/minecraft:overworld
[04:10:56] [Server thread/INFO]: [ChunkHolderManager] Waiting 60s for chunk system to halt for world 'world'
[04:10:56] [Server thread/INFO]: [ChunkHolderManager] Halted chunk system for world 'world'
[04:10:56] [Server thread/INFO]: [ChunkHolderManager] Saving all chunkholders for world 'world'
[04:10:57] [Server thread/INFO]: [ChunkHolderManager] Saved 216 block chunks, 132 entity chunks, 0 poi chunks in world 'world' in 0.31s
[04:10:57] [Server thread/INFO]: Saving chunks for level 'ServerLevel[world_nether]'/minecraft:the_nether
[04:10:57] [Server thread/INFO]: [ChunkHolderManager] Waiting 60s for chunk system to halt for world 'world_nether'
[04:10:57] [Server thread/INFO]: [ChunkHolderManager] Halted chunk system for world 'world_nether'
[04:10:57] [Server thread/INFO]: [ChunkHolderManager] Saving all chunkholders for world 'world_nether'
[04:10:57] [Server thread/INFO]: [ChunkHolderManager] Saved 4 block chunks, 6 entity chunks, 0 poi chunks in world 'world_nether' in 0.01s
[04:10:57] [Server thread/INFO]: Saving chunks for level 'ServerLevel[world_the_end]'/minecraft:the_end
[04:10:57] [Server thread/INFO]: [ChunkHolderManager] Waiting 60s for chunk system to halt for world 'world_the_end'
[04:10:57] [Server thread/INFO]: [ChunkHolderManager] Halted chunk system for world 'world_the_end'
[04:10:57] [Server thread/INFO]: [ChunkHolderManager] Saving all chunkholders for world 'world_the_end'
[04:10:57] [Server thread/INFO]: [ChunkHolderManager] Saved 0 block chunks, 11 entity chunks, 0 poi chunks in world 'world_the_end' in 0.00s
[04:10:57] [Server thread/INFO]: ThreadedAnvilChunkStorage (world): All chunks are saved
[04:10:57] [Server thread/INFO]: ThreadedAnvilChunkStorage (DIM-1): All chunks are saved
[04:10:57] [Server thread/INFO]: ThreadedAnvilChunkStorage (DIM1): All chunks are saved
[04:10:57] [Server thread/INFO]: ThreadedAnvilChunkStorage: All dimensions are saved
